\BOOKMARK [1][-]{Doc-Start}{Abstract}{}% 1
\BOOKMARK [1][-]{Doc-Start}{List of Tables}{}% 2
\BOOKMARK [1][-]{Doc-Start}{List of Figures}{}% 3
\BOOKMARK [1][-]{section.1}{Introduction}{}% 4
\BOOKMARK [1][-]{section.2}{Project Planning}{}% 5
\BOOKMARK [2][-]{subsection.2.1}{Initial Work Allocations}{section.2}% 6
\BOOKMARK [2][-]{subsection.2.2}{Final Work Allocations}{section.2}% 7
\BOOKMARK [1][-]{section.3}{User Requirements}{}% 8
\BOOKMARK [2][-]{subsection.3.1}{Identifying the Target Market}{section.3}% 9
\BOOKMARK [2][-]{subsection.3.2}{Product Design Specification}{section.3}% 10
\BOOKMARK [1][-]{section.4}{Biomechanics}{}% 11
\BOOKMARK [1][-]{section.5}{Current Market Analysis}{}% 12
\BOOKMARK [2][-]{subsection.5.1}{Regional Trends}{section.5}% 13
\BOOKMARK [2][-]{subsection.5.2}{Running Costs}{section.5}% 14
\BOOKMARK [1][-]{section.6}{Conceptual Design}{}% 15
\BOOKMARK [2][-]{subsection.6.1}{Concept Sketches}{section.6}% 16
\BOOKMARK [2][-]{subsection.6.2}{Morphological Analysis}{section.6}% 17
\BOOKMARK [2][-]{subsection.6.3}{Conclusion}{section.6}% 18
\BOOKMARK [1][-]{section.7}{Quality Function Deployment}{}% 19
\BOOKMARK [2][-]{subsection.7.1}{Engineering Specifications}{section.7}% 20
\BOOKMARK [2][-]{subsection.7.2}{Analysis}{section.7}% 21
\BOOKMARK [1][-]{section.8}{Detailed Design}{}% 22
\BOOKMARK [2][-]{subsection.8.1}{Component Selection}{section.8}% 23
\BOOKMARK [3][-]{subsubsection.8.1.1}{Suspension Selection}{subsection.8.1}% 24
\BOOKMARK [3][-]{subsubsection.8.1.2}{Electrical Drivetrain Selection}{subsection.8.1}% 25
\BOOKMARK [3][-]{subsubsection.8.1.3}{Further Selection}{subsection.8.1}% 26
\BOOKMARK [2][-]{subsection.8.2}{Material Selection}{section.8}% 27
\BOOKMARK [3][-]{subsubsection.8.2.1}{Frame}{subsection.8.2}% 28
\BOOKMARK [3][-]{subsubsection.8.2.2}{Wheel and Hub}{subsection.8.2}% 29
\BOOKMARK [2][-]{subsection.8.3}{Calculations}{section.8}% 30
\BOOKMARK [3][-]{subsubsection.8.3.1}{Centre to centre distance}{subsection.8.3}% 31
\BOOKMARK [3][-]{subsubsection.8.3.2}{Force Calculations}{subsection.8.3}% 32
\BOOKMARK [2][-]{subsection.8.4}{Standards Considered}{section.8}% 33
\BOOKMARK [1][-]{section.9}{Costing and Implementation}{}% 34
\BOOKMARK [2][-]{subsection.9.1}{Cost of Design Labour}{section.9}% 35
\BOOKMARK [2][-]{subsection.9.2}{Cost of Design Material}{section.9}% 36
\BOOKMARK [2][-]{subsection.9.3}{Works Cost Price}{section.9}% 37
\BOOKMARK [2][-]{subsection.9.4}{Final Cost}{section.9}% 38
\BOOKMARK [2][-]{subsection.9.5}{Break Even Analysis}{section.9}% 39
\BOOKMARK [2][-]{subsection.9.6}{Profit and Loss Accounts}{section.9}% 40
\BOOKMARK [2][-]{subsection.9.7}{Return on Investment}{section.9}% 41
\BOOKMARK [2][-]{subsection.9.8}{Conclusion}{section.9}% 42
\BOOKMARK [1][-]{section.10}{Project Evaluation}{}% 43
\BOOKMARK [1][-]{section.10}{References}{}% 44
